<?xml version="1.0" encoding="UTF-8"?>
<robot generator="Robot 6.1.1 (Python 3.11.5 on win32)" generated="20230828 09:33:05.472" rpa="false" schemaversion="4">
<suite id="s1" name="Api Rd Cep" source="c:\Desafio RD\RobotFramework\ApiTesting\testes\api_rd_cep.robot">
<test id="s1-t1" name="Caso de Teste 01 - Validar dados de retorno" line="5">
<kw name="Criar Sessão na ViaCep" library="api_rd_cep">
<kw name="Create Session" library="RequestsLibrary">
<arg>alias=ViaCep</arg>
<arg>url=https://viacep.com.br</arg>
<doc>Create Session: create a HTTP session to a server</doc>
<msg timestamp="20230828 09:33:05.597" level="INFO">Creating Session using : alias=ViaCep, url=https://viacep.com.br, headers={},                     cookies={}, auth=None, timeout=None, proxies=None, verify=False,                     debug=0 </msg>
<status status="PASS" starttime="20230828 09:33:05.597" endtime="20230828 09:33:05.600"/>
</kw>
<status status="PASS" starttime="20230828 09:33:05.597" endtime="20230828 09:33:05.600"/>
</kw>
<kw name="Consultar cep inserido" library="api_rd_cep">
<kw name="GET On Session" library="RequestsLibrary">
<var>${resposta_consulta}</var>
<arg>alias=ViaCep</arg>
<arg>url=/ws/${CEP}/json/</arg>
<arg>expected_status=200</arg>
<doc>Sends a GET request on a previously created HTTP Session.</doc>
<msg timestamp="20230828 09:33:06.072" level="INFO">GET Request : url=https://viacep.com.br/ws/04661300/json/ 
 path_url=/ws/04661300/json/ 
 headers={'User-Agent': 'python-requests/2.31.0', 'Accept-Encoding': 'gzip, deflate', 'Accept': '*/*', 'Connection': 'keep-alive'} 
 body=None 
 </msg>
<msg timestamp="20230828 09:33:06.072" level="INFO">GET Response : url=https://viacep.com.br/ws/04661300/json/ 
 status=200, reason=OK 
 headers={'Server': 'nginx/1.22.0', 'Date': 'Mon, 28 Aug 2023 12:33:00 GMT', 'Content-Type': 'application/json; charset=utf-8', 'Transfer-Encoding': 'chunked', 'Connection': 'keep-alive', 'Expires': 'Mon, 28 Aug 2023 13:33:00 GMT', 'Cache-Control': 'max-age=3600, public', 'Pragma': 'public', 'Access-Control-Allow-Origin': '*', 'Access-Control-Allow-Methods': 'GET', 'Access-Control-Allow-Headers': 'Content-Type, X-Request-With, X-Requested-By', 'Access-Control-Allow-Credentials': 'true', 'Access-Control-Max-Age': '86400'} 
 body={
  "cep": "04661-300",
  "logradouro": "Avenida Interlagos",
  "complemento": "de 3495 a 4501 - lado ímpar",
  "bairro": "Jardim Umuarama",
  "localidade": "São Paulo",
  "uf": "SP",
  "ibge": "3550308",
  "gia": "1004",
  "ddd": "11",
  "siafi": "7107"
} 
 </msg>
<msg timestamp="20230828 09:33:06.072" level="INFO">C:\Users\carlo\AppData\Local\Programs\Python\Python311\Lib\site-packages\urllib3\connectionpool.py:1095: InsecureRequestWarning: Unverified HTTPS request is being made to host 'viacep.com.br'. Adding certificate verification is strongly advised. See: https://urllib3.readthedocs.io/en/latest/advanced-usage.html#tls-warnings
  warnings.warn(</msg>
<msg timestamp="20230828 09:33:06.074" level="INFO">${resposta_consulta} = &lt;Response [200]&gt;</msg>
<status status="PASS" starttime="20230828 09:33:05.601" endtime="20230828 09:33:06.074"/>
</kw>
<kw name="Set Test Variable" library="BuiltIn">
<arg>${RESP_CONSULTA}</arg>
<arg>${resposta_consulta.json()}</arg>
<doc>Makes a variable available everywhere within the scope of the current test.</doc>
<msg timestamp="20230828 09:33:06.077" level="INFO">${RESP_CONSULTA} = {'cep': '04661-300', 'logradouro': 'Avenida Interlagos', 'complemento': 'de 3495 a 4501 - lado ímpar', 'bairro': 'Jardim Umuarama', 'localidade': 'São Paulo', 'uf': 'SP', 'ibge': '3550308', 'gia': '10...</msg>
<status status="PASS" starttime="20230828 09:33:06.074" endtime="20230828 09:33:06.078"/>
</kw>
<status status="PASS" starttime="20230828 09:33:05.601" endtime="20230828 09:33:06.078"/>
</kw>
<kw name="Validar retorno do cep inserido" library="api_rd_cep">
<kw name="Dictionary Should Contain Item" library="Collections">
<arg>${RESP_CONSULTA}</arg>
<arg>cep</arg>
<arg>${MASC_CEP}</arg>
<doc>An item of ``key`` / ``value`` must be found in a ``dictionary``.</doc>
<status status="PASS" starttime="20230828 09:33:06.079" endtime="20230828 09:33:06.080"/>
</kw>
<kw name="Dictionary Should Contain Item" library="Collections">
<arg>${RESP_CONSULTA}</arg>
<arg>logradouro</arg>
<arg>${LOGRADOURO}</arg>
<doc>An item of ``key`` / ``value`` must be found in a ``dictionary``.</doc>
<status status="PASS" starttime="20230828 09:33:06.080" endtime="20230828 09:33:06.081"/>
</kw>
<kw name="Dictionary Should Contain Item" library="Collections">
<arg>${RESP_CONSULTA}</arg>
<arg>bairro</arg>
<arg>${BAIRRO}</arg>
<doc>An item of ``key`` / ``value`` must be found in a ``dictionary``.</doc>
<status status="PASS" starttime="20230828 09:33:06.081" endtime="20230828 09:33:06.081"/>
</kw>
<kw name="Dictionary Should Contain Item" library="Collections">
<arg>${RESP_CONSULTA}</arg>
<arg>localidade</arg>
<arg>${LOCALIDADE}</arg>
<doc>An item of ``key`` / ``value`` must be found in a ``dictionary``.</doc>
<status status="PASS" starttime="20230828 09:33:06.081" endtime="20230828 09:33:06.082"/>
</kw>
<kw name="Dictionary Should Contain Item" library="Collections">
<arg>${RESP_CONSULTA}</arg>
<arg>uf</arg>
<arg>${UF}</arg>
<doc>An item of ``key`` / ``value`` must be found in a ``dictionary``.</doc>
<status status="PASS" starttime="20230828 09:33:06.082" endtime="20230828 09:33:06.082"/>
</kw>
<kw name="Dictionary Should Contain Item" library="Collections">
<arg>${RESP_CONSULTA}</arg>
<arg>ddd</arg>
<arg>${DDD}</arg>
<doc>An item of ``key`` / ``value`` must be found in a ``dictionary``.</doc>
<status status="PASS" starttime="20230828 09:33:06.083" endtime="20230828 09:33:06.083"/>
</kw>
<status status="PASS" starttime="20230828 09:33:06.079" endtime="20230828 09:33:06.083"/>
</kw>
<status status="PASS" starttime="20230828 09:33:05.596" endtime="20230828 09:33:06.084"/>
</test>
<status status="PASS" starttime="20230828 09:33:05.475" endtime="20230828 09:33:06.088"/>
</suite>
<statistics>
<total>
<stat pass="1" fail="0" skip="0">All Tests</stat>
</total>
<tag>
</tag>
<suite>
<stat pass="1" fail="0" skip="0" id="s1" name="Api Rd Cep">Api Rd Cep</stat>
</suite>
</statistics>
<errors>
</errors>
</robot>
